make --dry-run --always-make --keep-going --print-directory
make: Entering directory '/home/farnazm/tHMM'
if test -r "output/figure01.svg"; then \
	touch output/figure01.svg; \
else \
	poetry run fbuild 01; \
fi
 
if test -r "output/figure02.svg"; then \
	touch output/figure02.svg; \
else \
	poetry run fbuild 02; \
fi
 
if test -r "output/figure03.svg"; then \
	touch output/figure03.svg; \
else \
	poetry run fbuild 03; \
fi
 
if test -r "output/figure1.svg"; then \
	touch output/figure1.svg; \
else \
	poetry run fbuild 1; \
fi
 
if test -r "output/figure10.svg"; then \
	touch output/figure10.svg; \
else \
	poetry run fbuild 10; \
fi
 
if test -r "output/figure101.svg"; then \
	touch output/figure101.svg; \
else \
	poetry run fbuild 101; \
fi
 
if test -r "output/figure102.svg"; then \
	touch output/figure102.svg; \
else \
	poetry run fbuild 102; \
fi
 
if test -r "output/figure103.svg"; then \
	touch output/figure103.svg; \
else \
	poetry run fbuild 103; \
fi
 
if test -r "output/figure104.svg"; then \
	touch output/figure104.svg; \
else \
	poetry run fbuild 104; \
fi
 
if test -r "output/figure105.svg"; then \
	touch output/figure105.svg; \
else \
	poetry run fbuild 105; \
fi
 
if test -r "output/figure106.svg"; then \
	touch output/figure106.svg; \
else \
	poetry run fbuild 106; \
fi
 
if test -r "output/figure107.svg"; then \
	touch output/figure107.svg; \
else \
	poetry run fbuild 107; \
fi
 
if test -r "output/figure11.svg"; then \
	touch output/figure11.svg; \
else \
	poetry run fbuild 11; \
fi
 
if test -r "output/figure111.svg"; then \
	touch output/figure111.svg; \
else \
	poetry run fbuild 111; \
fi
 
if test -r "output/figure12.svg"; then \
	touch output/figure12.svg; \
else \
	poetry run fbuild 12; \
fi
 
if test -r "output/figure14.svg"; then \
	touch output/figure14.svg; \
else \
	poetry run fbuild 14; \
fi
 
if test -r "output/figure15.svg"; then \
	touch output/figure15.svg; \
else \
	poetry run fbuild 15; \
fi
 
if test -r "output/figure151.svg"; then \
	touch output/figure151.svg; \
else \
	poetry run fbuild 151; \
fi
 
if test -r "output/figure152.svg"; then \
	touch output/figure152.svg; \
else \
	poetry run fbuild 152; \
fi
 
if test -r "output/figure153.svg"; then \
	touch output/figure153.svg; \
else \
	poetry run fbuild 153; \
fi
 
if test -r "output/figure16.svg"; then \
	touch output/figure16.svg; \
else \
	poetry run fbuild 16; \
fi
 
if test -r "output/figure161.svg"; then \
	touch output/figure161.svg; \
else \
	poetry run fbuild 161; \
fi
 
if test -r "output/figure17.svg"; then \
	touch output/figure17.svg; \
else \
	poetry run fbuild 17; \
fi
 
if test -r "output/figure171.svg"; then \
	touch output/figure171.svg; \
else \
	poetry run fbuild 171; \
fi
 
if test -r "output/figure20.svg"; then \
	touch output/figure20.svg; \
else \
	poetry run fbuild 20; \
fi
 
if test -r "output/figure4.svg"; then \
	touch output/figure4.svg; \
else \
	poetry run fbuild 4; \
fi
 
if test -r "output/figure5.svg"; then \
	touch output/figure5.svg; \
else \
	poetry run fbuild 5; \
fi
 
if test -r "output/figure6.svg"; then \
	touch output/figure6.svg; \
else \
	poetry run fbuild 6; \
fi
 
if test -r "output/figure8.svg"; then \
	touch output/figure8.svg; \
else \
	poetry run fbuild 8; \
fi
 
if test -r "output/figure9.svg"; then \
	touch output/figure9.svg; \
else \
	poetry run fbuild 9; \
fi
 
if test -r "output/figure90.svg"; then \
	touch output/figure90.svg; \
else \
	poetry run fbuild 90; \
fi
 
if test -r "output/figure91.svg"; then \
	touch output/figure91.svg; \
else \
	poetry run fbuild 91; \
fi
 
if test -r "output/figureS01.svg"; then \
	touch output/figureS01.svg; \
else \
	poetry run fbuild S01; \
fi
 
if test -r "output/figureS02.svg"; then \
	touch output/figureS02.svg; \
else \
	poetry run fbuild S02; \
fi
 
if test -r "output/figureS03.svg"; then \
	touch output/figureS03.svg; \
else \
	poetry run fbuild S03; \
fi
 
if test -r "output/figureS04.svg"; then \
	touch output/figureS04.svg; \
else \
	poetry run fbuild S04; \
fi
 
if test -r "output/figureS05.svg"; then \
	touch output/figureS05.svg; \
else \
	poetry run fbuild S05; \
fi
 
if test -r "output/figureS06.svg"; then \
	touch output/figureS06.svg; \
else \
	poetry run fbuild S06; \
fi
 
if test -r "output/figureS07.svg"; then \
	touch output/figureS07.svg; \
else \
	poetry run fbuild S07; \
fi
 
if test -r "output/figureS08.svg"; then \
	touch output/figureS08.svg; \
else \
	poetry run fbuild S08; \
fi
 
if test -r "output/figureS09.svg"; then \
	touch output/figureS09.svg; \
else \
	poetry run fbuild S09; \
fi
 
if test -r "output/figureS10.svg"; then \
	touch output/figureS10.svg; \
else \
	poetry run fbuild S10; \
fi
 
if test -r "output/figureS11.svg"; then \
	touch output/figureS11.svg; \
else \
	poetry run fbuild S11; \
fi
 
if test -r "output/figureS12.svg"; then \
	touch output/figureS12.svg; \
else \
	poetry run fbuild S12; \
fi
 
if test -r "output/figureS13.svg"; then \
	touch output/figureS13.svg; \
else \
	poetry run fbuild S13; \
fi
 
if test -r "output/figureS14.svg"; then \
	touch output/figureS14.svg; \
else \
	poetry run fbuild S14; \
fi
 
if test -r "output/figureS15.svg"; then \
	touch output/figureS15.svg; \
else \
	poetry run fbuild S15; \
fi
 
if test -r "output/figureS16.svg"; then \
	touch output/figureS16.svg; \
else \
	poetry run fbuild S16; \
fi
 
if test -r "output/figureS17.svg"; then \
	touch output/figureS17.svg; \
else \
	poetry run fbuild S17; \
fi
make: Leaving directory '/home/farnazm/tHMM'
 
